c:\users\12524\source\repos\windowsproject1\windowsproject1\debug\vc142.pdb
c:\users\12524\source\repos\windowsproject1\windowsproject1\debug\vc142.idb
c:\users\12524\source\repos\windowsproject1\windowsproject1\debug\readdata.obj
c:\users\12524\source\repos\windowsproject1\windowsproject1\debug\path.obj
c:\users\12524\source\repos\windowsproject1\windowsproject1\debug\hash.obj
c:\users\12524\source\repos\windowsproject1\windowsproject1\debug\graph.obj
c:\users\12524\source\repos\windowsproject1\windowsproject1\debug\windowsproject1.obj
c:\users\12524\source\repos\windowsproject1\debug\windowsproject1.ilk
c:\users\12524\source\repos\windowsproject1\debug\windowsproject1.exe
c:\users\12524\source\repos\windowsproject1\debug\windowsproject1.pdb
c:\users\12524\source\repos\windowsproject1\windowsproject1\debug\windowsproject1.res
c:\users\12524\source\repos\windowsproject1\windowsproject1\debug\windowsproject1.tlog\cl.command.1.tlog
c:\users\12524\source\repos\windowsproject1\windowsproject1\debug\windowsproject1.tlog\cl.read.1.tlog
c:\users\12524\source\repos\windowsproject1\windowsproject1\debug\windowsproject1.tlog\cl.write.1.tlog
c:\users\12524\source\repos\windowsproject1\windowsproject1\debug\windowsproject1.tlog\link.command.1.tlog
c:\users\12524\source\repos\windowsproject1\windowsproject1\debug\windowsproject1.tlog\link.read.1.tlog
c:\users\12524\source\repos\windowsproject1\windowsproject1\debug\windowsproject1.tlog\link.write.1.tlog
c:\users\12524\source\repos\windowsproject1\windowsproject1\debug\windowsproject1.tlog\rc.command.1.tlog
c:\users\12524\source\repos\windowsproject1\windowsproject1\debug\windowsproject1.tlog\rc.read.1.tlog
c:\users\12524\source\repos\windowsproject1\windowsproject1\debug\windowsproject1.tlog\rc.write.1.tlog
