  WindowsProject1.cpp
C:\Users\12524\source\repos\WindowsProject1\WindowsProject1\readData.h(1,1): warning C4819: 该文件包含不能在当前代码页(936)中表示的字符。请将该文件保存为 Unicode 格式以防止数据丢失
C:\Users\12524\source\repos\WindowsProject1\WindowsProject1\WindowsProject1.h(550,14): warning C4244: “初始化”: 从“LRESULT”转换到“int”，可能丢失数据
C:\Users\12524\source\repos\WindowsProject1\WindowsProject1\WindowsProject1.h(619,14): warning C4244: “初始化”: 从“LRESULT”转换到“int”，可能丢失数据
C:\Users\12524\source\repos\WindowsProject1\WindowsProject1\WindowsProject1.h(658,12): warning C4244: “初始化”: 从“LRESULT”转换到“int”，可能丢失数据
C:\Users\12524\source\repos\WindowsProject1\WindowsProject1\WindowsProject1.h(682,13): warning C4244: “初始化”: 从“LRESULT”转换到“int”，可能丢失数据
C:\Users\12524\source\repos\WindowsProject1\WindowsProject1\WindowsProject1.cpp(511,13): warning C4244: “初始化”: 从“LRESULT”转换到“int”，可能丢失数据
C:\Users\12524\source\repos\WindowsProject1\WindowsProject1\WindowsProject1.cpp(515,16): warning C4244: “初始化”: 从“LRESULT”转换到“int”，可能丢失数据
C:\Users\12524\source\repos\WindowsProject1\WindowsProject1\WindowsProject1.cpp(538,34): warning C4267: “初始化”: 从“size_t”转换到“int”，可能丢失数据
C:\Users\12524\source\repos\WindowsProject1\WindowsProject1\WindowsProject1.cpp(574,17): warning C4244: “初始化”: 从“LRESULT”转换到“int”，可能丢失数据
C:\Users\12524\source\repos\WindowsProject1\WindowsProject1\WindowsProject1.cpp(597,14): warning C4244: “初始化”: 从“LRESULT”转换到“int”，可能丢失数据
C:\Users\12524\source\repos\WindowsProject1\WindowsProject1\WindowsProject1.cpp(629,11): warning C4244: “初始化”: 从“LRESULT”转换到“int”，可能丢失数据
C:\Users\12524\source\repos\WindowsProject1\WindowsProject1\WindowsProject1.cpp(643,13): warning C4244: “初始化”: 从“LRESULT”转换到“int”，可能丢失数据
C:\Users\12524\source\repos\WindowsProject1\WindowsProject1\WindowsProject1.cpp(755,14): warning C4244: “初始化”: 从“LRESULT”转换到“int”，可能丢失数据
C:\Users\12524\source\repos\WindowsProject1\WindowsProject1\WindowsProject1.cpp(1025,14): warning C4244: “初始化”: 从“LRESULT”转换到“int”，可能丢失数据
  正在生成代码
  3 of 79 functions ( 3.8%) were compiled, the rest were copied from previous compilation.
    0 functions were new in current compilation
    2 functions had inline decision re-evaluated but remain unchanged
  已完成代码的生成
  WindowsProject1.vcxproj -> C:\Users\12524\source\repos\WindowsProject1\x64\Release\WindowsProject1.exe
