c:\users\12524\source\repos\windowsproject1\windowsproject1\x64\release\vc142.pdb
c:\users\12524\source\repos\windowsproject1\windowsproject1\x64\release\readdata.obj
c:\users\12524\source\repos\windowsproject1\windowsproject1\x64\release\path.obj
c:\users\12524\source\repos\windowsproject1\windowsproject1\x64\release\hash.obj
c:\users\12524\source\repos\windowsproject1\windowsproject1\x64\release\graph.obj
c:\users\12524\source\repos\windowsproject1\windowsproject1\x64\release\windowsproject1.obj
c:\users\12524\source\repos\windowsproject1\x64\release\windowsproject1.exe
c:\users\12524\source\repos\windowsproject1\windowsproject1\x64\release\windowsproject1.ipdb
c:\users\12524\source\repos\windowsproject1\windowsproject1\x64\release\windowsproject1.iobj
c:\users\12524\source\repos\windowsproject1\x64\release\windowsproject1.pdb
c:\users\12524\source\repos\windowsproject1\windowsproject1\x64\release\windowsproject1.res
c:\users\12524\source\repos\windowsproject1\windowsproject1\x64\release\graph.nativecodeanalysis.xml
c:\users\12524\source\repos\windowsproject1\windowsproject1\x64\release\hash.nativecodeanalysis.xml
c:\users\12524\source\repos\windowsproject1\windowsproject1\x64\release\path.nativecodeanalysis.xml
c:\users\12524\source\repos\windowsproject1\windowsproject1\x64\release\readdata.nativecodeanalysis.xml
c:\users\12524\source\repos\windowsproject1\windowsproject1\x64\release\vc.nativecodeanalysis.all.xml
c:\users\12524\source\repos\windowsproject1\windowsproject1\x64\release\windowsproject1.nativecodeanalysis.xml
c:\users\12524\source\repos\windowsproject1\windowsproject1\x64\release\windowsproject1.tlog\cl.command.1.tlog
c:\users\12524\source\repos\windowsproject1\windowsproject1\x64\release\windowsproject1.tlog\cl.read.1.tlog
c:\users\12524\source\repos\windowsproject1\windowsproject1\x64\release\windowsproject1.tlog\cl.write.1.tlog
c:\users\12524\source\repos\windowsproject1\windowsproject1\x64\release\windowsproject1.tlog\link.command.1.tlog
c:\users\12524\source\repos\windowsproject1\windowsproject1\x64\release\windowsproject1.tlog\link.read.1.tlog
c:\users\12524\source\repos\windowsproject1\windowsproject1\x64\release\windowsproject1.tlog\link.write.1.tlog
c:\users\12524\source\repos\windowsproject1\windowsproject1\x64\release\windowsproject1.tlog\rc.command.1.tlog
c:\users\12524\source\repos\windowsproject1\windowsproject1\x64\release\windowsproject1.tlog\rc.read.1.tlog
c:\users\12524\source\repos\windowsproject1\windowsproject1\x64\release\windowsproject1.tlog\rc.write.1.tlog
